[+] Containers:
 |- [+] Container: /Game/FirstPerson/Maps/FirstPersonMap
 |   |- [+] ActorDescs:
 |   |   |- Guid:0482E0744625192B32AFA882C0C1417D BaseClass: NativeClass:/Script/Engine.StaticMeshActor Name:StaticMeshActor_6 Label:SM_ChamferCube3 SpatiallyLoaded:1 Bounds:IsValid=true, Min=(X=257.548 Y=2127.548 Z=0.063), Max=(X=462.452 Y=2332.452 Z=150.063) RuntimeGrid:None EditorOnly:0 RuntimeOnly:0 HLODRelevant:0 ListedInSceneOutliner:1 IsMainWorldOnly:0 FolderPath:SimulatedCubes FolderGuid:3E37B3AC41F495FF33672D878D9DD948
 |   |   |- Guid:076CFCC44DAC7F04D111E5B8449B9B0F BaseClass:/Game/Blueprints/Buildings/BP_NoteCode.BP_NoteCode_C NativeClass:/Script/TestedProject.NoteCode Name:BP_NoteCode_C_UAID_3C7C3FBAF05B4C6902_1268636751 Label:BP_NoteCode SpatiallyLoaded:1 Bounds:IsValid=true, Min=(X=2126.730 Y=1448.830 Z=111.985), Max=(X=2131.877 Y=1456.129 Z=119.585) RuntimeGrid:None EditorOnly:0 RuntimeOnly:0 HLODRelevant:0 ListedInSceneOutliner:1 IsMainWorldOnly:0
 |   |   |- Guid:13F40C7241F9A80D3E971DBC21FCAFB0 BaseClass: NativeClass:/Script/Engine.SkyAtmosphere Name:SkyAtmosphere_0 Label:SkyAtmosphere SpatiallyLoaded:0 Bounds:IsValid=true, Min=(X=0.000 Y=0.000 Z=1020.000), Max=(X=0.000 Y=0.000 Z=1020.000) RuntimeGrid:None EditorOnly:0 RuntimeOnly:0 HLODRelevant:0 ListedInSceneOutliner:1 IsMainWorldOnly:0 FolderPath:Lighting FolderGuid:D9E1224C415FCB205E4105B3245ADAAB
 |   |   |- Guid:1AD0648D47C79CDBBFC4B889BA3235AD BaseClass: NativeClass:/Script/Engine.StaticMeshActor Name:StaticMeshActor_21 Label:SM_QuarterCylinder12 SpatiallyLoaded:1 Bounds:IsValid=true, Min=(X=2100.000 Y=2750.000 Z=0.000), Max=(X=2300.000 Y=2950.000 Z=200.000) RuntimeGrid:None EditorOnly:0 RuntimeOnly:0 HLODRelevant:1 ListedInSceneOutliner:1 IsMainWorldOnly:0 FolderPath:Cylinder FolderGuid:D6369CCE49EF0A8CFA563EB18825ED72
 |   |   |- Guid:1E84246F406D6A1641AB1DBF8AB28F5F BaseClass:/Game/Blueprints/Buildings/BP_CodeLock.BP_CodeLock_C NativeClass:/Script/TestedProject.CodeLock Name:BP_CodeLock_C_UAID_3C7C3FBAF05B416902_1136595815 Label:BP_CodeLock2 SpatiallyLoaded:1 Bounds:IsValid=true, Min=(X=1300.000 Y=1897.000 Z=117.500), Max=(X=1330.000 Y=1907.000 Z=172.500) RuntimeGrid:None EditorOnly:0 RuntimeOnly:0 HLODRelevant:0 ListedInSceneOutliner:1 IsMainWorldOnly:0
 |   |   |- Guid:22C4F1724348A3818BBA0A939CA01B63 BaseClass: NativeClass:/Script/Engine.WorldDataLayers Name:WorldDataLayers Label:WorldDataLayers-1 SpatiallyLoaded:0 Bounds:IsValid=true, Min=(X=0.000 Y=0.000 Z=0.000), Max=(X=0.000 Y=0.000 Z=0.000) RuntimeGrid:None EditorOnly:0 RuntimeOnly:0 HLODRelevant:0 ListedInSceneOutliner:1 IsMainWorldOnly:1
 |   |   |- Guid:266836F144FA2767EA2991A084FC7C51 BaseClass: NativeClass:/Script/Engine.StaticMeshActor Name:StaticMeshActor_8 Label:SM_Cube6 SpatiallyLoaded:1 Bounds:IsValid=true, Min=(X=2900.000 Y=100.000 Z=0.000), Max=(X=3000.000 Y=3400.000 Z=400.000) RuntimeGrid:None EditorOnly:0 RuntimeOnly:0 HLODRelevant:1 ListedInSceneOutliner:1 IsMainWorldOnly:0 FolderPath:Playground FolderGuid:CDC3EA2D424DF73175D386948543BF31
 |   |   |- Guid:36DA8D2C4B2585DD71BFF583CFB51CFA BaseClass: NativeClass:/Script/Engine.TextRenderActor Name:TextRenderActor_0 Label:TextRenderActor SpatiallyLoaded:1 Bounds:IsValid=true, Min=(X=-0.100 Y=1100.000 Z=65.013), Max=(X=-0.100 Y=2363.461 Z=215.013) RuntimeGrid:None EditorOnly:0 RuntimeOnly:0 HLODRelevant:0 ListedInSceneOutliner:1 IsMainWorldOnly:0
 |   |   |- Guid:3AE20ADB41F450F1E99EA7A1B45D4E6F BaseClass: NativeClass:/Script/Engine.StaticMeshActor Name:StaticMeshActor_40 Label:SM_ChamferCube13 SpatiallyLoaded:1 Bounds:IsValid=true, Min=(X=250.297 Y=3094.568 Z=100.013), Max=(X=391.180 Y=3235.451 Z=200.013) RuntimeGrid:None EditorOnly:0 RuntimeOnly:0 HLODRelevant:0 ListedInSceneOutliner:1 IsMainWorldOnly:0 FolderPath:SimulatedCubes FolderGuid:3E37B3AC41F495FF33672D878D9DD948
 |   |   |- Guid:416210044F8807AE27B83CAA205F302F BaseClass: NativeClass:/Script/Engine.StaticMeshActor Name:StaticMeshActor_29 Label:SM_Cube15 SpatiallyLoaded:1 Bounds:IsValid=true, Min=(X=1650.000 Y=1600.000 Z=0.000), Max=(X=2900.000 Y=1900.000 Z=300.000) RuntimeGrid:None EditorOnly:0 RuntimeOnly:0 HLODRelevant:1 ListedInSceneOutliner:1 IsMainWorldOnly:0 FolderPath:Block02 FolderGuid:DEBAF5964E47F6C0EEA7BB9F700AB405
 |   |   |- Guid:44F8F21D453B2046F1D986AD81798F12 BaseClass: NativeClass:/Script/Engine.StaticMeshActor Name:StaticMeshActor_41 Label:SM_ChamferCube14 SpatiallyLoaded:1 Bounds:IsValid=true, Min=(X=2480.411 Y=2302.371 Z=0.013), Max=(X=2580.411 Y=2402.371 Z=100.013) RuntimeGrid:None EditorOnly:0 RuntimeOnly:0 HLODRelevant:0 ListedInSceneOutliner:1 IsMainWorldOnly:0 FolderPath:SimulatedCubes FolderGuid:3E37B3AC41F495FF33672D878D9DD948
 |   |   |- Guid:4DE3CD2F48B4038CA629008DF7804DA4 BaseClass: NativeClass:/Script/Engine.StaticMeshActor Name:StaticMeshActor_18 Label:SM_QuarterCylinder5 SpatiallyLoaded:1 Bounds:IsValid=true, Min=(X=600.000 Y=2800.000 Z=0.000), Max=(X=700.000 Y=2900.000 Z=200.000) RuntimeGrid:None EditorOnly:0 RuntimeOnly:0 HLODRelevant:1 ListedInSceneOutliner:1 IsMainWorldOnly:0 FolderPath:Block03 FolderGuid:EED76D7B47CF3E1440F359A1FAC3309E
 |   |   |- Guid:52E74DF94E9EECAF9464C1BCB5227CCC BaseClass: NativeClass:/Script/Engine.StaticMeshActor Name:StaticMeshActor_3 Label:SM_Cube3 SpatiallyLoaded:1 Bounds:IsValid=true, Min=(X=0.000 Y=3400.000 Z=0.000), Max=(X=3000.000 Y=3500.000 Z=400.000) RuntimeGrid:None EditorOnly:0 RuntimeOnly:0 HLODRelevant:1 ListedInSceneOutliner:1 IsMainWorldOnly:0 FolderPath:Playground FolderGuid:CDC3EA2D424DF73175D386948543BF31
 |   |   |- Guid:57D04EC04DC088D0D46387B1C3DB8307 BaseClass: NativeClass:/Script/Engine.TextRenderActor Name:TextRenderActor_UAID_3C7C3FBAF05B426902_1473061991 Label:TextRenderActor2 SpatiallyLoaded:1 Bounds:IsValid=true, Min=(X=905.000 Y=1598.000 Z=169.000), Max=(X=1135.000 Y=1598.000 Z=273.000) RuntimeGrid:None EditorOnly:0 RuntimeOnly:0 HLODRelevant:0 ListedInSceneOutliner:1 IsMainWorldOnly:0
 |   |   |- Guid:616554B84D9AF28DF69ABD8837FD26D7 BaseClass: NativeClass:/Script/Engine.ExponentialHeightFog Name:ExponentialHeightFog_0 Label:ExponentialHeightFog SpatiallyLoaded:0 Bounds:IsValid=true, Min=(X=-5600.000 Y=-50.000 Z=-6850.000), Max=(X=-5600.000 Y=-50.000 Z=-6850.000) RuntimeGrid:None EditorOnly:0 RuntimeOnly:0 HLODRelevant:0 ListedInSceneOutliner:1 IsMainWorldOnly:0 FolderPath:Lighting FolderGuid:D9E1224C415FCB205E4105B3245ADAAB
 |   |   |- Guid:6456ADDD428A590141FABFB9484712AA BaseClass: NativeClass:/Script/Engine.PostProcessVolume Name:PostProcessVolume_0 Label:PostProcessVolume SpatiallyLoaded:0 Bounds:IsValid=true, Min=(X=0.000 Y=0.000 Z=400.000), Max=(X=200.000 Y=200.000 Z=600.000) RuntimeGrid:None EditorOnly:0 RuntimeOnly:0 HLODRelevant:0 ListedInSceneOutliner:1 IsMainWorldOnly:0 FolderPath:Lighting FolderGuid:D9E1224C415FCB205E4105B3245ADAAB
 |   |   |- Guid:7254C3414876BF4F9B9A42A6CA10EB17 BaseClass: NativeClass:/Script/Engine.StaticMeshActor Name:StaticMeshActor_28 Label:SM_Cube14 SpatiallyLoaded:1 Bounds:IsValid=true, Min=(X=1300.000 Y=2700.000 Z=0.000), Max=(X=1400.000 Y=2800.000 Z=200.000) RuntimeGrid:None EditorOnly:0 RuntimeOnly:0 HLODRelevant:1 ListedInSceneOutliner:1 IsMainWorldOnly:0 FolderPath:Block03 FolderGuid:EED76D7B47CF3E1440F359A1FAC3309E
 |   |   |- Guid:75854521468783C291995A8EFCB63F1B BaseClass: NativeClass:/Script/Engine.StaticMeshActor Name:StaticMeshActor_7 Label:SM_Cube5 SpatiallyLoaded:1 Bounds:IsValid=true, Min=(X=-0.000 Y=100.000 Z=0.000), Max=(X=100.000 Y=3400.000 Z=400.000) RuntimeGrid:None EditorOnly:0 RuntimeOnly:0 HLODRelevant:1 ListedInSceneOutliner:1 IsMainWorldOnly:0 FolderPath:Playground FolderGuid:CDC3EA2D424DF73175D386948543BF31
 |   |   |- Guid:7A699BF944F9DAC273FB4FAD2236D7F8 BaseClass: NativeClass:/Script/Engine.SkyLight Name:SkyLight_0 Label:SkyLight SpatiallyLoaded:0 Bounds:IsValid=true, Min=(X=0.000 Y=0.000 Z=690.000), Max=(X=0.000 Y=0.000 Z=690.000) RuntimeGrid:None EditorOnly:0 RuntimeOnly:0 HLODRelevant:0 ListedInSceneOutliner:1 IsMainWorldOnly:0 FolderPath:Lighting FolderGuid:D9E1224C415FCB205E4105B3245ADAAB
 |   |   |- Guid:7CCAC5A3460EF0E889266AA48FF95FFF BaseClass: NativeClass:/Script/Engine.StaticMeshActor Name:StaticMeshActor_UAID_3C7C3FBAF05B416902_1192339816 Label:SM_Cube9 SpatiallyLoaded:1 Bounds:IsValid=true, Min=(X=100.000 Y=1600.000 Z=299.000), Max=(X=2900.000 Y=1900.000 Z=399.000) RuntimeGrid:None EditorOnly:0 RuntimeOnly:0 HLODRelevant:1 ListedInSceneOutliner:1 IsMainWorldOnly:0 FolderPath:Block04 FolderGuid:1671883140CA233343B73BBD9D365381
 |   |   |- Guid:89BD2B584901CC36ABEF55B6F6BB2F67 BaseClass: NativeClass:/Script/Engine.StaticMeshActor Name:StaticMeshActor_27 Label:SM_QuarterCylinder8 SpatiallyLoaded:1 Bounds:IsValid=true, Min=(X=1300.000 Y=2600.000 Z=0.000), Max=(X=1400.000 Y=2700.000 Z=200.000) RuntimeGrid:None EditorOnly:0 RuntimeOnly:0 HLODRelevant:1 ListedInSceneOutliner:1 IsMainWorldOnly:0 FolderPath:Block03 FolderGuid:EED76D7B47CF3E1440F359A1FAC3309E
 |   |   |- Guid:8DB6E7264339F17149C350BAAAD12B37 BaseClass: NativeClass:/Script/Engine.StaticMeshActor Name:StaticMeshActor_13 Label:SM_Cube11 SpatiallyLoaded:1 Bounds:IsValid=true, Min=(X=700.000 Y=2600.000 Z=0.000), Max=(X=1300.000 Y=2900.000 Z=200.000) RuntimeGrid:None EditorOnly:0 RuntimeOnly:0 HLODRelevant:1 ListedInSceneOutliner:1 IsMainWorldOnly:0 FolderPath:Block03 FolderGuid:EED76D7B47CF3E1440F359A1FAC3309E
 |   |   |- Guid:8DC9085B48888A70B9B853B915B851AF BaseClass: NativeClass:/Script/Engine.StaticMeshActor Name:StaticMeshActor_26 Label:SM_QuarterCylinder7 SpatiallyLoaded:1 Bounds:IsValid=true, Min=(X=1300.000 Y=2800.000 Z=0.000), Max=(X=1400.000 Y=2900.000 Z=200.000) RuntimeGrid:None EditorOnly:0 RuntimeOnly:0 HLODRelevant:1 ListedInSceneOutliner:1 IsMainWorldOnly:0 FolderPath:Block03 FolderGuid:EED76D7B47CF3E1440F359A1FAC3309E
 |   |   |- Guid:8EA8A3864CB9694DA428199AC421B524 BaseClass: NativeClass:/Script/Engine.StaticMeshActor Name:StaticMeshActor_20 Label:SM_QuarterCylinder11 SpatiallyLoaded:1 Bounds:IsValid=true, Min=(X=2300.000 Y=2750.000 Z=0.000), Max=(X=2500.000 Y=2950.000 Z=200.000) RuntimeGrid:None EditorOnly:0 RuntimeOnly:0 HLODRelevant:1 ListedInSceneOutliner:1 IsMainWorldOnly:0 FolderPath:Cylinder FolderGuid:D6369CCE49EF0A8CFA563EB18825ED72
 |   |   |- Guid:8F1CB2D344FBCA46B23C6594C8F43B92 BaseClass: NativeClass:/Script/Engine.StaticMeshActor Name:StaticMeshActor_39 Label:SM_ChamferCube12 SpatiallyLoaded:1 Bounds:IsValid=true, Min=(X=204.335 Y=3056.000 Z=0.013), Max=(X=345.218 Y=3196.884 Z=100.013) RuntimeGrid:None EditorOnly:0 RuntimeOnly:0 HLODRelevant:0 ListedInSceneOutliner:1 IsMainWorldOnly:0 FolderPath:SimulatedCubes FolderGuid:3E37B3AC41F495FF33672D878D9DD948
 |   |   |- Guid:902408B24403A7B3DA2315996494FA34 BaseClass: NativeClass:/Script/Engine.StaticMeshActor Name:StaticMeshActor_42 Label:SM_ChamferCube15 SpatiallyLoaded:1 Bounds:IsValid=true, Min=(X=2480.411 Y=2187.371 Z=0.013), Max=(X=2580.411 Y=2287.371 Z=100.013) RuntimeGrid:None EditorOnly:0 RuntimeOnly:0 HLODRelevant:0 ListedInSceneOutliner:1 IsMainWorldOnly:0 FolderPath:SimulatedCubes FolderGuid:3E37B3AC41F495FF33672D878D9DD948
 |   |   |- Guid:94C804C04FCA604E45AE748F536FD4C8 BaseClass: NativeClass:/Script/Engine.StaticMeshActor Name:StaticMeshActor_UAID_3C7C3FBAF05B4C6902_1276849752 Label:SM_QuarterCylinder15 SpatiallyLoaded:1 Bounds:IsValid=true, Min=(X=2455.000 Y=613.000 Z=-9.000), Max=(X=2655.000 Y=813.000 Z=191.000) RuntimeGrid:None EditorOnly:0 RuntimeOnly:0 HLODRelevant:1 ListedInSceneOutliner:1 IsMainWorldOnly:0 FolderPath:Cylinder FolderGuid:D6369CCE49EF0A8CFA563EB18825ED72
 |   |   |- Guid:97FF78FB4EC8F13EF6751DB180B1CE46 BaseClass: NativeClass:/Script/Engine.DirectionalLight Name:DirectionalLight_0 Label:DirectionalLight SpatiallyLoaded:0 Bounds:IsValid=true, Min=(X=-1048576.000 Y=-1048576.000 Z=-1048576.000), Max=(X=1048576.000 Y=1048576.000 Z=1048576.000) RuntimeGrid:None EditorOnly:0 RuntimeOnly:0 HLODRelevant:0 ListedInSceneOutliner:1 IsMainWorldOnly:0 FolderPath:Lighting FolderGuid:D9E1224C415FCB205E4105B3245ADAAB
 |   |   |- Guid:9FC0E5A04B5C426BD8398396952183D3 BaseClass: NativeClass:/Script/Engine.StaticMeshActor Name:StaticMeshActor_0 Label:SM_Cube SpatiallyLoaded:1 Bounds:IsValid=true, Min=(X=0.000 Y=0.000 Z=-50.000), Max=(X=3000.000 Y=3500.000 Z=0.000) RuntimeGrid:None EditorOnly:0 RuntimeOnly:0 HLODRelevant:1 ListedInSceneOutliner:1 IsMainWorldOnly:0 FolderPath:Playground FolderGuid:CDC3EA2D424DF73175D386948543BF31
 |   |   |- Guid:A193674B480A39A47551D39FB4DFCD99 BaseClass: NativeClass:/Script/Engine.StaticMeshActor Name:StaticMeshActor_UAID_A4AE111137DC5FFB00_1159438599 Label:SM_SkySphere SpatiallyLoaded:0 Bounds:IsValid=true, Min=(X=-1638400.000 Y=-1638400.000 Z=-1638400.000), Max=(X=1638400.000 Y=1638400.000 Z=1638400.000) RuntimeGrid:None EditorOnly:0 RuntimeOnly:0 HLODRelevant:1 ListedInSceneOutliner:1 IsMainWorldOnly:0 FolderPath:Lighting FolderGuid:D9E1224C415FCB205E4105B3245ADAAB
 |   |   |- Guid:A47CA35549692063DBDEBFADE3843E16 BaseClass: NativeClass:/Script/Engine.StaticMeshActor Name:StaticMeshActor_38 Label:SM_ChamferCube11 SpatiallyLoaded:1 Bounds:IsValid=true, Min=(X=292.430 Y=3129.921 Z=0.013), Max=(X=433.313 Y=3270.804 Z=100.013) RuntimeGrid:None EditorOnly:0 RuntimeOnly:0 HLODRelevant:0 ListedInSceneOutliner:1 IsMainWorldOnly:0 FolderPath:SimulatedCubes FolderGuid:3E37B3AC41F495FF33672D878D9DD948
 |   |   |- Guid:A5FCDC664219DC8AAD6D739ADEF9C627 BaseClass: NativeClass:/Script/Engine.PlayerStart Name:PlayerStart_0 Label:PlayerStart SpatiallyLoaded:0 Bounds:IsValid=true, Min=(X=860.000 Y=810.000 Z=0.013), Max=(X=940.000 Y=890.000 Z=184.013) RuntimeGrid:None EditorOnly:0 RuntimeOnly:0 HLODRelevant:0 ListedInSceneOutliner:1 IsMainWorldOnly:0
 |   |   |- Guid:B326783D46A6A43F55CCC9AB2A4C1863 BaseClass: NativeClass:/Script/Engine.VolumetricCloud Name:VolumetricCloud_0 Label:VolumetricCloud SpatiallyLoaded:0 Bounds:IsValid=true, Min=(X=0.000 Y=0.000 Z=820.000), Max=(X=0.000 Y=0.000 Z=820.000) RuntimeGrid:None EditorOnly:0 RuntimeOnly:0 HLODRelevant:0 ListedInSceneOutliner:1 IsMainWorldOnly:0 FolderPath:Lighting FolderGuid:D9E1224C415FCB205E4105B3245ADAAB
 |   |   |- Guid:B96D792F49D1781B2CCBC296053DF329 BaseClass: NativeClass:/Script/Engine.StaticMeshActor Name:StaticMeshActor_25 Label:SM_ChamferCube5 SpatiallyLoaded:1 Bounds:IsValid=true, Min=(X=1765.431 Y=2937.543 Z=0.063), Max=(X=1976.756 Y=3148.868 Z=150.063) RuntimeGrid:None EditorOnly:0 RuntimeOnly:0 HLODRelevant:0 ListedInSceneOutliner:1 IsMainWorldOnly:0 FolderPath:SimulatedCubes FolderGuid:3E37B3AC41F495FF33672D878D9DD948
 |   |   |- Guid:BDEA84604C934642275CFC81EFA1A90E BaseClass: NativeClass:/Script/Engine.StaticMeshActor Name:StaticMeshActor_17 Label:SM_QuarterCylinder4 SpatiallyLoaded:1 Bounds:IsValid=true, Min=(X=600.000 Y=2600.000 Z=0.000), Max=(X=700.000 Y=2700.000 Z=200.000) RuntimeGrid:None EditorOnly:0 RuntimeOnly:0 HLODRelevant:1 ListedInSceneOutliner:1 IsMainWorldOnly:0 FolderPath:Block03 FolderGuid:EED76D7B47CF3E1440F359A1FAC3309E
 |   |   |- Guid:BFE1ED4B4C04CD63334BA5A9ABCCE217 BaseClass: NativeClass:/Script/Engine.StaticMeshActor Name:StaticMeshActor_22 Label:SM_QuarterCylinder13 SpatiallyLoaded:1 Bounds:IsValid=true, Min=(X=2100.000 Y=2550.000 Z=0.000), Max=(X=2300.000 Y=2750.000 Z=200.000) RuntimeGrid:None EditorOnly:0 RuntimeOnly:0 HLODRelevant:1 ListedInSceneOutliner:1 IsMainWorldOnly:0 FolderPath:Cylinder FolderGuid:D6369CCE49EF0A8CFA563EB18825ED72
 |   |   |- Guid:C220A8DE42516884AC956DB69957BDAD BaseClass:/Game/Blueprints/Buildings/BP_CodeLock.BP_CodeLock_C NativeClass:/Script/TestedProject.CodeLock Name:BP_CodeLock_C_UAID_3C7C3FBAF05B2D6902_1219579296 Label:BP_CodeLock SpatiallyLoaded:1 Bounds:IsValid=true, Min=(X=1300.000 Y=1595.000 Z=117.500), Max=(X=1330.000 Y=1605.000 Z=172.500) RuntimeGrid:None EditorOnly:0 RuntimeOnly:0 HLODRelevant:0 ListedInSceneOutliner:1 IsMainWorldOnly:0
 |   |   |- Guid:C3396C8B492E3A148F603881B2C7314A BaseClass: NativeClass:/Script/Engine.StaticMeshActor Name:StaticMeshActor_23 Label:SM_QuarterCylinder14 SpatiallyLoaded:1 Bounds:IsValid=true, Min=(X=2300.000 Y=2550.000 Z=0.000), Max=(X=2500.000 Y=2750.000 Z=200.000) RuntimeGrid:None EditorOnly:0 RuntimeOnly:0 HLODRelevant:1 ListedInSceneOutliner:1 IsMainWorldOnly:0 FolderPath:Cylinder FolderGuid:D6369CCE49EF0A8CFA563EB18825ED72
 |   |   |- Guid:C94113E34F64C205CF161482D17BED09 BaseClass: NativeClass:/Script/Engine.StaticMeshActor Name:StaticMeshActor_9 Label:SM_Cube8 SpatiallyLoaded:1 Bounds:IsValid=true, Min=(X=100.000 Y=1600.000 Z=0.000), Max=(X=1350.000 Y=1900.000 Z=300.000) RuntimeGrid:None EditorOnly:0 RuntimeOnly:0 HLODRelevant:1 ListedInSceneOutliner:1 IsMainWorldOnly:0 FolderPath:Block04 FolderGuid:1671883140CA233343B73BBD9D365381
 |   |   |- Guid:CDC290334FAA2557343A1181CA8C7F4B BaseClass: NativeClass:/Script/Engine.StaticMeshActor Name:StaticMeshActor_2 Label:SM_Cube2 SpatiallyLoaded:1 Bounds:IsValid=true, Min=(X=0.000 Y=0.000 Z=0.000), Max=(X=3000.000 Y=100.000 Z=400.000) RuntimeGrid:None EditorOnly:0 RuntimeOnly:0 HLODRelevant:1 ListedInSceneOutliner:1 IsMainWorldOnly:0 FolderPath:Playground FolderGuid:CDC3EA2D424DF73175D386948543BF31
 |   |   |- Guid:D474354B49559797D031809B0EFFCEC3 BaseClass: NativeClass:/Script/Engine.StaticMeshActor Name:StaticMeshActor_UAID_3C7C3FBAF05B4C6902_1280435753 Label:SM_Cube12 SpatiallyLoaded:1 Bounds:IsValid=true, Min=(X=2003.000 Y=932.000 Z=0.000), Max=(X=2672.615 Y=1491.808 Z=200.000) RuntimeGrid:None EditorOnly:0 RuntimeOnly:0 HLODRelevant:1 ListedInSceneOutliner:1 IsMainWorldOnly:0 FolderPath:Block03 FolderGuid:EED76D7B47CF3E1440F359A1FAC3309E
 |   |   |- Guid:DC32EF61450D946E4508F1930ED7E9E2 BaseClass:/Game/Blueprints/Buildings/BP_Door.BP_Door_C NativeClass:/Script/TestedProject.Door Name:BP_Door_C_UAID_3C7C3FBAF05B396902_1281153411 Label:BP_Door SpatiallyLoaded:1 Bounds:IsValid=true, Min=(X=1350.000 Y=1700.000 Z=0.000), Max=(X=1650.000 Y=1720.000 Z=300.000) RuntimeGrid:None EditorOnly:0 RuntimeOnly:0 HLODRelevant:0 ListedInSceneOutliner:1 IsMainWorldOnly:0
 |   |   |- Guid:EE86EAAC4E5C9776978688BE7E96F154 BaseClass: NativeClass:/Script/Engine.StaticMeshActor Name:StaticMeshActor_43 Label:SM_ChamferCube16 SpatiallyLoaded:1 Bounds:IsValid=true, Min=(X=2480.411 Y=2247.371 Z=100.013), Max=(X=2580.411 Y=2347.371 Z=200.013) RuntimeGrid:None EditorOnly:0 RuntimeOnly:0 HLODRelevant:0 ListedInSceneOutliner:1 IsMainWorldOnly:0 FolderPath:SimulatedCubes FolderGuid:3E37B3AC41F495FF33672D878D9DD948
 |   |   |- Guid:FC90DA2844FC1BA3BB11BBB7B0F38A9A BaseClass: NativeClass:/Script/Engine.StaticMeshActor Name:StaticMeshActor_19 Label:SM_Cube13 SpatiallyLoaded:1 Bounds:IsValid=true, Min=(X=600.000 Y=2700.000 Z=0.000), Max=(X=700.000 Y=2800.000 Z=200.000) RuntimeGrid:None EditorOnly:0 RuntimeOnly:0 HLODRelevant:1 ListedInSceneOutliner:1 IsMainWorldOnly:0 FolderPath:Block03 FolderGuid:EED76D7B47CF3E1440F359A1FAC3309E
 |   |- [+] Clusters:
 |   |   |- [+] [  0]
 |   |   |   |- Guid:0482E0744625192B32AFA882C0C1417D BaseClass: NativeClass:/Script/Engine.StaticMeshActor Name:StaticMeshActor_6 Label:SM_ChamferCube3 SpatiallyLoaded:1 Bounds:IsValid=true, Min=(X=257.548 Y=2127.548 Z=0.063), Max=(X=462.452 Y=2332.452 Z=150.063) RuntimeGrid:None EditorOnly:0 RuntimeOnly:0 HLODRelevant:0 ListedInSceneOutliner:1 IsMainWorldOnly:0 FolderPath:SimulatedCubes FolderGuid:3E37B3AC41F495FF33672D878D9DD948
 |   |   |- [+] [  1]
 |   |   |   |- Guid:076CFCC44DAC7F04D111E5B8449B9B0F BaseClass:/Game/Blueprints/Buildings/BP_NoteCode.BP_NoteCode_C NativeClass:/Script/TestedProject.NoteCode Name:BP_NoteCode_C_UAID_3C7C3FBAF05B4C6902_1268636751 Label:BP_NoteCode SpatiallyLoaded:1 Bounds:IsValid=true, Min=(X=2126.730 Y=1448.830 Z=111.985), Max=(X=2131.877 Y=1456.129 Z=119.585) RuntimeGrid:None EditorOnly:0 RuntimeOnly:0 HLODRelevant:0 ListedInSceneOutliner:1 IsMainWorldOnly:0
 |   |   |- [+] [  2]
 |   |   |   |- Guid:13F40C7241F9A80D3E971DBC21FCAFB0 BaseClass: NativeClass:/Script/Engine.SkyAtmosphere Name:SkyAtmosphere_0 Label:SkyAtmosphere SpatiallyLoaded:0 Bounds:IsValid=true, Min=(X=0.000 Y=0.000 Z=1020.000), Max=(X=0.000 Y=0.000 Z=1020.000) RuntimeGrid:None EditorOnly:0 RuntimeOnly:0 HLODRelevant:0 ListedInSceneOutliner:1 IsMainWorldOnly:0 FolderPath:Lighting FolderGuid:D9E1224C415FCB205E4105B3245ADAAB
 |   |   |- [+] [  3]
 |   |   |   |- Guid:1AD0648D47C79CDBBFC4B889BA3235AD BaseClass: NativeClass:/Script/Engine.StaticMeshActor Name:StaticMeshActor_21 Label:SM_QuarterCylinder12 SpatiallyLoaded:1 Bounds:IsValid=true, Min=(X=2100.000 Y=2750.000 Z=0.000), Max=(X=2300.000 Y=2950.000 Z=200.000) RuntimeGrid:None EditorOnly:0 RuntimeOnly:0 HLODRelevant:1 ListedInSceneOutliner:1 IsMainWorldOnly:0 FolderPath:Cylinder FolderGuid:D6369CCE49EF0A8CFA563EB18825ED72
 |   |   |- [+] [  4]
 |   |   |   |- Guid:1E84246F406D6A1641AB1DBF8AB28F5F BaseClass:/Game/Blueprints/Buildings/BP_CodeLock.BP_CodeLock_C NativeClass:/Script/TestedProject.CodeLock Name:BP_CodeLock_C_UAID_3C7C3FBAF05B416902_1136595815 Label:BP_CodeLock2 SpatiallyLoaded:1 Bounds:IsValid=true, Min=(X=1300.000 Y=1897.000 Z=117.500), Max=(X=1330.000 Y=1907.000 Z=172.500) RuntimeGrid:None EditorOnly:0 RuntimeOnly:0 HLODRelevant:0 ListedInSceneOutliner:1 IsMainWorldOnly:0
 |   |   |   |- Guid:C220A8DE42516884AC956DB69957BDAD BaseClass:/Game/Blueprints/Buildings/BP_CodeLock.BP_CodeLock_C NativeClass:/Script/TestedProject.CodeLock Name:BP_CodeLock_C_UAID_3C7C3FBAF05B2D6902_1219579296 Label:BP_CodeLock SpatiallyLoaded:1 Bounds:IsValid=true, Min=(X=1300.000 Y=1595.000 Z=117.500), Max=(X=1330.000 Y=1605.000 Z=172.500) RuntimeGrid:None EditorOnly:0 RuntimeOnly:0 HLODRelevant:0 ListedInSceneOutliner:1 IsMainWorldOnly:0
 |   |   |   |- Guid:DC32EF61450D946E4508F1930ED7E9E2 BaseClass:/Game/Blueprints/Buildings/BP_Door.BP_Door_C NativeClass:/Script/TestedProject.Door Name:BP_Door_C_UAID_3C7C3FBAF05B396902_1281153411 Label:BP_Door SpatiallyLoaded:1 Bounds:IsValid=true, Min=(X=1350.000 Y=1700.000 Z=0.000), Max=(X=1650.000 Y=1720.000 Z=300.000) RuntimeGrid:None EditorOnly:0 RuntimeOnly:0 HLODRelevant:0 ListedInSceneOutliner:1 IsMainWorldOnly:0
 |   |   |- [+] [  5]
 |   |   |   |- Guid:22C4F1724348A3818BBA0A939CA01B63 BaseClass: NativeClass:/Script/Engine.WorldDataLayers Name:WorldDataLayers Label:WorldDataLayers-1 SpatiallyLoaded:0 Bounds:IsValid=true, Min=(X=0.000 Y=0.000 Z=0.000), Max=(X=0.000 Y=0.000 Z=0.000) RuntimeGrid:None EditorOnly:0 RuntimeOnly:0 HLODRelevant:0 ListedInSceneOutliner:1 IsMainWorldOnly:1
 |   |   |- [+] [  6]
 |   |   |   |- Guid:266836F144FA2767EA2991A084FC7C51 BaseClass: NativeClass:/Script/Engine.StaticMeshActor Name:StaticMeshActor_8 Label:SM_Cube6 SpatiallyLoaded:1 Bounds:IsValid=true, Min=(X=2900.000 Y=100.000 Z=0.000), Max=(X=3000.000 Y=3400.000 Z=400.000) RuntimeGrid:None EditorOnly:0 RuntimeOnly:0 HLODRelevant:1 ListedInSceneOutliner:1 IsMainWorldOnly:0 FolderPath:Playground FolderGuid:CDC3EA2D424DF73175D386948543BF31
 |   |   |- [+] [  7]
 |   |   |   |- Guid:36DA8D2C4B2585DD71BFF583CFB51CFA BaseClass: NativeClass:/Script/Engine.TextRenderActor Name:TextRenderActor_0 Label:TextRenderActor SpatiallyLoaded:1 Bounds:IsValid=true, Min=(X=-0.100 Y=1100.000 Z=65.013), Max=(X=-0.100 Y=2363.461 Z=215.013) RuntimeGrid:None EditorOnly:0 RuntimeOnly:0 HLODRelevant:0 ListedInSceneOutliner:1 IsMainWorldOnly:0
 |   |   |- [+] [  8]
 |   |   |   |- Guid:3AE20ADB41F450F1E99EA7A1B45D4E6F BaseClass: NativeClass:/Script/Engine.StaticMeshActor Name:StaticMeshActor_40 Label:SM_ChamferCube13 SpatiallyLoaded:1 Bounds:IsValid=true, Min=(X=250.297 Y=3094.568 Z=100.013), Max=(X=391.180 Y=3235.451 Z=200.013) RuntimeGrid:None EditorOnly:0 RuntimeOnly:0 HLODRelevant:0 ListedInSceneOutliner:1 IsMainWorldOnly:0 FolderPath:SimulatedCubes FolderGuid:3E37B3AC41F495FF33672D878D9DD948
 |   |   |- [+] [  9]
 |   |   |   |- Guid:416210044F8807AE27B83CAA205F302F BaseClass: NativeClass:/Script/Engine.StaticMeshActor Name:StaticMeshActor_29 Label:SM_Cube15 SpatiallyLoaded:1 Bounds:IsValid=true, Min=(X=1650.000 Y=1600.000 Z=0.000), Max=(X=2900.000 Y=1900.000 Z=300.000) RuntimeGrid:None EditorOnly:0 RuntimeOnly:0 HLODRelevant:1 ListedInSceneOutliner:1 IsMainWorldOnly:0 FolderPath:Block02 FolderGuid:DEBAF5964E47F6C0EEA7BB9F700AB405
 |   |   |- [+] [ 10]
 |   |   |   |- Guid:44F8F21D453B2046F1D986AD81798F12 BaseClass: NativeClass:/Script/Engine.StaticMeshActor Name:StaticMeshActor_41 Label:SM_ChamferCube14 SpatiallyLoaded:1 Bounds:IsValid=true, Min=(X=2480.411 Y=2302.371 Z=0.013), Max=(X=2580.411 Y=2402.371 Z=100.013) RuntimeGrid:None EditorOnly:0 RuntimeOnly:0 HLODRelevant:0 ListedInSceneOutliner:1 IsMainWorldOnly:0 FolderPath:SimulatedCubes FolderGuid:3E37B3AC41F495FF33672D878D9DD948
 |   |   |- [+] [ 11]
 |   |   |   |- Guid:4DE3CD2F48B4038CA629008DF7804DA4 BaseClass: NativeClass:/Script/Engine.StaticMeshActor Name:StaticMeshActor_18 Label:SM_QuarterCylinder5 SpatiallyLoaded:1 Bounds:IsValid=true, Min=(X=600.000 Y=2800.000 Z=0.000), Max=(X=700.000 Y=2900.000 Z=200.000) RuntimeGrid:None EditorOnly:0 RuntimeOnly:0 HLODRelevant:1 ListedInSceneOutliner:1 IsMainWorldOnly:0 FolderPath:Block03 FolderGuid:EED76D7B47CF3E1440F359A1FAC3309E
 |   |   |- [+] [ 12]
 |   |   |   |- Guid:52E74DF94E9EECAF9464C1BCB5227CCC BaseClass: NativeClass:/Script/Engine.StaticMeshActor Name:StaticMeshActor_3 Label:SM_Cube3 SpatiallyLoaded:1 Bounds:IsValid=true, Min=(X=0.000 Y=3400.000 Z=0.000), Max=(X=3000.000 Y=3500.000 Z=400.000) RuntimeGrid:None EditorOnly:0 RuntimeOnly:0 HLODRelevant:1 ListedInSceneOutliner:1 IsMainWorldOnly:0 FolderPath:Playground FolderGuid:CDC3EA2D424DF73175D386948543BF31
 |   |   |- [+] [ 13]
 |   |   |   |- Guid:57D04EC04DC088D0D46387B1C3DB8307 BaseClass: NativeClass:/Script/Engine.TextRenderActor Name:TextRenderActor_UAID_3C7C3FBAF05B426902_1473061991 Label:TextRenderActor2 SpatiallyLoaded:1 Bounds:IsValid=true, Min=(X=905.000 Y=1598.000 Z=169.000), Max=(X=1135.000 Y=1598.000 Z=273.000) RuntimeGrid:None EditorOnly:0 RuntimeOnly:0 HLODRelevant:0 ListedInSceneOutliner:1 IsMainWorldOnly:0
 |   |   |- [+] [ 14]
 |   |   |   |- Guid:616554B84D9AF28DF69ABD8837FD26D7 BaseClass: NativeClass:/Script/Engine.ExponentialHeightFog Name:ExponentialHeightFog_0 Label:ExponentialHeightFog SpatiallyLoaded:0 Bounds:IsValid=true, Min=(X=-5600.000 Y=-50.000 Z=-6850.000), Max=(X=-5600.000 Y=-50.000 Z=-6850.000) RuntimeGrid:None EditorOnly:0 RuntimeOnly:0 HLODRelevant:0 ListedInSceneOutliner:1 IsMainWorldOnly:0 FolderPath:Lighting FolderGuid:D9E1224C415FCB205E4105B3245ADAAB
 |   |   |- [+] [ 15]
 |   |   |   |- Guid:6456ADDD428A590141FABFB9484712AA BaseClass: NativeClass:/Script/Engine.PostProcessVolume Name:PostProcessVolume_0 Label:PostProcessVolume SpatiallyLoaded:0 Bounds:IsValid=true, Min=(X=0.000 Y=0.000 Z=400.000), Max=(X=200.000 Y=200.000 Z=600.000) RuntimeGrid:None EditorOnly:0 RuntimeOnly:0 HLODRelevant:0 ListedInSceneOutliner:1 IsMainWorldOnly:0 FolderPath:Lighting FolderGuid:D9E1224C415FCB205E4105B3245ADAAB
 |   |   |- [+] [ 16]
 |   |   |   |- Guid:7254C3414876BF4F9B9A42A6CA10EB17 BaseClass: NativeClass:/Script/Engine.StaticMeshActor Name:StaticMeshActor_28 Label:SM_Cube14 SpatiallyLoaded:1 Bounds:IsValid=true, Min=(X=1300.000 Y=2700.000 Z=0.000), Max=(X=1400.000 Y=2800.000 Z=200.000) RuntimeGrid:None EditorOnly:0 RuntimeOnly:0 HLODRelevant:1 ListedInSceneOutliner:1 IsMainWorldOnly:0 FolderPath:Block03 FolderGuid:EED76D7B47CF3E1440F359A1FAC3309E
 |   |   |- [+] [ 17]
 |   |   |   |- Guid:75854521468783C291995A8EFCB63F1B BaseClass: NativeClass:/Script/Engine.StaticMeshActor Name:StaticMeshActor_7 Label:SM_Cube5 SpatiallyLoaded:1 Bounds:IsValid=true, Min=(X=-0.000 Y=100.000 Z=0.000), Max=(X=100.000 Y=3400.000 Z=400.000) RuntimeGrid:None EditorOnly:0 RuntimeOnly:0 HLODRelevant:1 ListedInSceneOutliner:1 IsMainWorldOnly:0 FolderPath:Playground FolderGuid:CDC3EA2D424DF73175D386948543BF31
 |   |   |- [+] [ 18]
 |   |   |   |- Guid:7A699BF944F9DAC273FB4FAD2236D7F8 BaseClass: NativeClass:/Script/Engine.SkyLight Name:SkyLight_0 Label:SkyLight SpatiallyLoaded:0 Bounds:IsValid=true, Min=(X=0.000 Y=0.000 Z=690.000), Max=(X=0.000 Y=0.000 Z=690.000) RuntimeGrid:None EditorOnly:0 RuntimeOnly:0 HLODRelevant:0 ListedInSceneOutliner:1 IsMainWorldOnly:0 FolderPath:Lighting FolderGuid:D9E1224C415FCB205E4105B3245ADAAB
 |   |   |- [+] [ 19]
 |   |   |   |- Guid:7CCAC5A3460EF0E889266AA48FF95FFF BaseClass: NativeClass:/Script/Engine.StaticMeshActor Name:StaticMeshActor_UAID_3C7C3FBAF05B416902_1192339816 Label:SM_Cube9 SpatiallyLoaded:1 Bounds:IsValid=true, Min=(X=100.000 Y=1600.000 Z=299.000), Max=(X=2900.000 Y=1900.000 Z=399.000) RuntimeGrid:None EditorOnly:0 RuntimeOnly:0 HLODRelevant:1 ListedInSceneOutliner:1 IsMainWorldOnly:0 FolderPath:Block04 FolderGuid:1671883140CA233343B73BBD9D365381
 |   |   |- [+] [ 20]
 |   |   |   |- Guid:89BD2B584901CC36ABEF55B6F6BB2F67 BaseClass: NativeClass:/Script/Engine.StaticMeshActor Name:StaticMeshActor_27 Label:SM_QuarterCylinder8 SpatiallyLoaded:1 Bounds:IsValid=true, Min=(X=1300.000 Y=2600.000 Z=0.000), Max=(X=1400.000 Y=2700.000 Z=200.000) RuntimeGrid:None EditorOnly:0 RuntimeOnly:0 HLODRelevant:1 ListedInSceneOutliner:1 IsMainWorldOnly:0 FolderPath:Block03 FolderGuid:EED76D7B47CF3E1440F359A1FAC3309E
 |   |   |- [+] [ 21]
 |   |   |   |- Guid:8DB6E7264339F17149C350BAAAD12B37 BaseClass: NativeClass:/Script/Engine.StaticMeshActor Name:StaticMeshActor_13 Label:SM_Cube11 SpatiallyLoaded:1 Bounds:IsValid=true, Min=(X=700.000 Y=2600.000 Z=0.000), Max=(X=1300.000 Y=2900.000 Z=200.000) RuntimeGrid:None EditorOnly:0 RuntimeOnly:0 HLODRelevant:1 ListedInSceneOutliner:1 IsMainWorldOnly:0 FolderPath:Block03 FolderGuid:EED76D7B47CF3E1440F359A1FAC3309E
 |   |   |- [+] [ 22]
 |   |   |   |- Guid:8DC9085B48888A70B9B853B915B851AF BaseClass: NativeClass:/Script/Engine.StaticMeshActor Name:StaticMeshActor_26 Label:SM_QuarterCylinder7 SpatiallyLoaded:1 Bounds:IsValid=true, Min=(X=1300.000 Y=2800.000 Z=0.000), Max=(X=1400.000 Y=2900.000 Z=200.000) RuntimeGrid:None EditorOnly:0 RuntimeOnly:0 HLODRelevant:1 ListedInSceneOutliner:1 IsMainWorldOnly:0 FolderPath:Block03 FolderGuid:EED76D7B47CF3E1440F359A1FAC3309E
 |   |   |- [+] [ 23]
 |   |   |   |- Guid:8EA8A3864CB9694DA428199AC421B524 BaseClass: NativeClass:/Script/Engine.StaticMeshActor Name:StaticMeshActor_20 Label:SM_QuarterCylinder11 SpatiallyLoaded:1 Bounds:IsValid=true, Min=(X=2300.000 Y=2750.000 Z=0.000), Max=(X=2500.000 Y=2950.000 Z=200.000) RuntimeGrid:None EditorOnly:0 RuntimeOnly:0 HLODRelevant:1 ListedInSceneOutliner:1 IsMainWorldOnly:0 FolderPath:Cylinder FolderGuid:D6369CCE49EF0A8CFA563EB18825ED72
 |   |   |- [+] [ 24]
 |   |   |   |- Guid:8F1CB2D344FBCA46B23C6594C8F43B92 BaseClass: NativeClass:/Script/Engine.StaticMeshActor Name:StaticMeshActor_39 Label:SM_ChamferCube12 SpatiallyLoaded:1 Bounds:IsValid=true, Min=(X=204.335 Y=3056.000 Z=0.013), Max=(X=345.218 Y=3196.884 Z=100.013) RuntimeGrid:None EditorOnly:0 RuntimeOnly:0 HLODRelevant:0 ListedInSceneOutliner:1 IsMainWorldOnly:0 FolderPath:SimulatedCubes FolderGuid:3E37B3AC41F495FF33672D878D9DD948
 |   |   |- [+] [ 25]
 |   |   |   |- Guid:902408B24403A7B3DA2315996494FA34 BaseClass: NativeClass:/Script/Engine.StaticMeshActor Name:StaticMeshActor_42 Label:SM_ChamferCube15 SpatiallyLoaded:1 Bounds:IsValid=true, Min=(X=2480.411 Y=2187.371 Z=0.013), Max=(X=2580.411 Y=2287.371 Z=100.013) RuntimeGrid:None EditorOnly:0 RuntimeOnly:0 HLODRelevant:0 ListedInSceneOutliner:1 IsMainWorldOnly:0 FolderPath:SimulatedCubes FolderGuid:3E37B3AC41F495FF33672D878D9DD948
 |   |   |- [+] [ 26]
 |   |   |   |- Guid:94C804C04FCA604E45AE748F536FD4C8 BaseClass: NativeClass:/Script/Engine.StaticMeshActor Name:StaticMeshActor_UAID_3C7C3FBAF05B4C6902_1276849752 Label:SM_QuarterCylinder15 SpatiallyLoaded:1 Bounds:IsValid=true, Min=(X=2455.000 Y=613.000 Z=-9.000), Max=(X=2655.000 Y=813.000 Z=191.000) RuntimeGrid:None EditorOnly:0 RuntimeOnly:0 HLODRelevant:1 ListedInSceneOutliner:1 IsMainWorldOnly:0 FolderPath:Cylinder FolderGuid:D6369CCE49EF0A8CFA563EB18825ED72
 |   |   |- [+] [ 27]
 |   |   |   |- Guid:97FF78FB4EC8F13EF6751DB180B1CE46 BaseClass: NativeClass:/Script/Engine.DirectionalLight Name:DirectionalLight_0 Label:DirectionalLight SpatiallyLoaded:0 Bounds:IsValid=true, Min=(X=-1048576.000 Y=-1048576.000 Z=-1048576.000), Max=(X=1048576.000 Y=1048576.000 Z=1048576.000) RuntimeGrid:None EditorOnly:0 RuntimeOnly:0 HLODRelevant:0 ListedInSceneOutliner:1 IsMainWorldOnly:0 FolderPath:Lighting FolderGuid:D9E1224C415FCB205E4105B3245ADAAB
 |   |   |- [+] [ 28]
 |   |   |   |- Guid:9FC0E5A04B5C426BD8398396952183D3 BaseClass: NativeClass:/Script/Engine.StaticMeshActor Name:StaticMeshActor_0 Label:SM_Cube SpatiallyLoaded:1 Bounds:IsValid=true, Min=(X=0.000 Y=0.000 Z=-50.000), Max=(X=3000.000 Y=3500.000 Z=0.000) RuntimeGrid:None EditorOnly:0 RuntimeOnly:0 HLODRelevant:1 ListedInSceneOutliner:1 IsMainWorldOnly:0 FolderPath:Playground FolderGuid:CDC3EA2D424DF73175D386948543BF31
 |   |   |- [+] [ 29]
 |   |   |   |- Guid:A193674B480A39A47551D39FB4DFCD99 BaseClass: NativeClass:/Script/Engine.StaticMeshActor Name:StaticMeshActor_UAID_A4AE111137DC5FFB00_1159438599 Label:SM_SkySphere SpatiallyLoaded:0 Bounds:IsValid=true, Min=(X=-1638400.000 Y=-1638400.000 Z=-1638400.000), Max=(X=1638400.000 Y=1638400.000 Z=1638400.000) RuntimeGrid:None EditorOnly:0 RuntimeOnly:0 HLODRelevant:1 ListedInSceneOutliner:1 IsMainWorldOnly:0 FolderPath:Lighting FolderGuid:D9E1224C415FCB205E4105B3245ADAAB
 |   |   |- [+] [ 30]
 |   |   |   |- Guid:A47CA35549692063DBDEBFADE3843E16 BaseClass: NativeClass:/Script/Engine.StaticMeshActor Name:StaticMeshActor_38 Label:SM_ChamferCube11 SpatiallyLoaded:1 Bounds:IsValid=true, Min=(X=292.430 Y=3129.921 Z=0.013), Max=(X=433.313 Y=3270.804 Z=100.013) RuntimeGrid:None EditorOnly:0 RuntimeOnly:0 HLODRelevant:0 ListedInSceneOutliner:1 IsMainWorldOnly:0 FolderPath:SimulatedCubes FolderGuid:3E37B3AC41F495FF33672D878D9DD948
 |   |   |- [+] [ 31]
 |   |   |   |- Guid:A5FCDC664219DC8AAD6D739ADEF9C627 BaseClass: NativeClass:/Script/Engine.PlayerStart Name:PlayerStart_0 Label:PlayerStart SpatiallyLoaded:0 Bounds:IsValid=true, Min=(X=860.000 Y=810.000 Z=0.013), Max=(X=940.000 Y=890.000 Z=184.013) RuntimeGrid:None EditorOnly:0 RuntimeOnly:0 HLODRelevant:0 ListedInSceneOutliner:1 IsMainWorldOnly:0
 |   |   |- [+] [ 32]
 |   |   |   |- Guid:B326783D46A6A43F55CCC9AB2A4C1863 BaseClass: NativeClass:/Script/Engine.VolumetricCloud Name:VolumetricCloud_0 Label:VolumetricCloud SpatiallyLoaded:0 Bounds:IsValid=true, Min=(X=0.000 Y=0.000 Z=820.000), Max=(X=0.000 Y=0.000 Z=820.000) RuntimeGrid:None EditorOnly:0 RuntimeOnly:0 HLODRelevant:0 ListedInSceneOutliner:1 IsMainWorldOnly:0 FolderPath:Lighting FolderGuid:D9E1224C415FCB205E4105B3245ADAAB
 |   |   |- [+] [ 33]
 |   |   |   |- Guid:B96D792F49D1781B2CCBC296053DF329 BaseClass: NativeClass:/Script/Engine.StaticMeshActor Name:StaticMeshActor_25 Label:SM_ChamferCube5 SpatiallyLoaded:1 Bounds:IsValid=true, Min=(X=1765.431 Y=2937.543 Z=0.063), Max=(X=1976.756 Y=3148.868 Z=150.063) RuntimeGrid:None EditorOnly:0 RuntimeOnly:0 HLODRelevant:0 ListedInSceneOutliner:1 IsMainWorldOnly:0 FolderPath:SimulatedCubes FolderGuid:3E37B3AC41F495FF33672D878D9DD948
 |   |   |- [+] [ 34]
 |   |   |   |- Guid:BDEA84604C934642275CFC81EFA1A90E BaseClass: NativeClass:/Script/Engine.StaticMeshActor Name:StaticMeshActor_17 Label:SM_QuarterCylinder4 SpatiallyLoaded:1 Bounds:IsValid=true, Min=(X=600.000 Y=2600.000 Z=0.000), Max=(X=700.000 Y=2700.000 Z=200.000) RuntimeGrid:None EditorOnly:0 RuntimeOnly:0 HLODRelevant:1 ListedInSceneOutliner:1 IsMainWorldOnly:0 FolderPath:Block03 FolderGuid:EED76D7B47CF3E1440F359A1FAC3309E
 |   |   |- [+] [ 35]
 |   |   |   |- Guid:BFE1ED4B4C04CD63334BA5A9ABCCE217 BaseClass: NativeClass:/Script/Engine.StaticMeshActor Name:StaticMeshActor_22 Label:SM_QuarterCylinder13 SpatiallyLoaded:1 Bounds:IsValid=true, Min=(X=2100.000 Y=2550.000 Z=0.000), Max=(X=2300.000 Y=2750.000 Z=200.000) RuntimeGrid:None EditorOnly:0 RuntimeOnly:0 HLODRelevant:1 ListedInSceneOutliner:1 IsMainWorldOnly:0 FolderPath:Cylinder FolderGuid:D6369CCE49EF0A8CFA563EB18825ED72
 |   |   |- [+] [ 36]
 |   |   |   |- Guid:C3396C8B492E3A148F603881B2C7314A BaseClass: NativeClass:/Script/Engine.StaticMeshActor Name:StaticMeshActor_23 Label:SM_QuarterCylinder14 SpatiallyLoaded:1 Bounds:IsValid=true, Min=(X=2300.000 Y=2550.000 Z=0.000), Max=(X=2500.000 Y=2750.000 Z=200.000) RuntimeGrid:None EditorOnly:0 RuntimeOnly:0 HLODRelevant:1 ListedInSceneOutliner:1 IsMainWorldOnly:0 FolderPath:Cylinder FolderGuid:D6369CCE49EF0A8CFA563EB18825ED72
 |   |   |- [+] [ 37]
 |   |   |   |- Guid:C94113E34F64C205CF161482D17BED09 BaseClass: NativeClass:/Script/Engine.StaticMeshActor Name:StaticMeshActor_9 Label:SM_Cube8 SpatiallyLoaded:1 Bounds:IsValid=true, Min=(X=100.000 Y=1600.000 Z=0.000), Max=(X=1350.000 Y=1900.000 Z=300.000) RuntimeGrid:None EditorOnly:0 RuntimeOnly:0 HLODRelevant:1 ListedInSceneOutliner:1 IsMainWorldOnly:0 FolderPath:Block04 FolderGuid:1671883140CA233343B73BBD9D365381
 |   |   |- [+] [ 38]
 |   |   |   |- Guid:CDC290334FAA2557343A1181CA8C7F4B BaseClass: NativeClass:/Script/Engine.StaticMeshActor Name:StaticMeshActor_2 Label:SM_Cube2 SpatiallyLoaded:1 Bounds:IsValid=true, Min=(X=0.000 Y=0.000 Z=0.000), Max=(X=3000.000 Y=100.000 Z=400.000) RuntimeGrid:None EditorOnly:0 RuntimeOnly:0 HLODRelevant:1 ListedInSceneOutliner:1 IsMainWorldOnly:0 FolderPath:Playground FolderGuid:CDC3EA2D424DF73175D386948543BF31
 |   |   |- [+] [ 39]
 |   |   |   |- Guid:D474354B49559797D031809B0EFFCEC3 BaseClass: NativeClass:/Script/Engine.StaticMeshActor Name:StaticMeshActor_UAID_3C7C3FBAF05B4C6902_1280435753 Label:SM_Cube12 SpatiallyLoaded:1 Bounds:IsValid=true, Min=(X=2003.000 Y=932.000 Z=0.000), Max=(X=2672.615 Y=1491.808 Z=200.000) RuntimeGrid:None EditorOnly:0 RuntimeOnly:0 HLODRelevant:1 ListedInSceneOutliner:1 IsMainWorldOnly:0 FolderPath:Block03 FolderGuid:EED76D7B47CF3E1440F359A1FAC3309E
 |   |   |- [+] [ 40]
 |   |   |   |- Guid:EE86EAAC4E5C9776978688BE7E96F154 BaseClass: NativeClass:/Script/Engine.StaticMeshActor Name:StaticMeshActor_43 Label:SM_ChamferCube16 SpatiallyLoaded:1 Bounds:IsValid=true, Min=(X=2480.411 Y=2247.371 Z=100.013), Max=(X=2580.411 Y=2347.371 Z=200.013) RuntimeGrid:None EditorOnly:0 RuntimeOnly:0 HLODRelevant:0 ListedInSceneOutliner:1 IsMainWorldOnly:0 FolderPath:SimulatedCubes FolderGuid:3E37B3AC41F495FF33672D878D9DD948
 |   |   |- [+] [ 41]
 |   |   |   |- Guid:FC90DA2844FC1BA3BB11BBB7B0F38A9A BaseClass: NativeClass:/Script/Engine.StaticMeshActor Name:StaticMeshActor_19 Label:SM_Cube13 SpatiallyLoaded:1 Bounds:IsValid=true, Min=(X=600.000 Y=2700.000 Z=0.000), Max=(X=700.000 Y=2800.000 Z=200.000) RuntimeGrid:None EditorOnly:0 RuntimeOnly:0 HLODRelevant:1 ListedInSceneOutliner:1 IsMainWorldOnly:0 FolderPath:Block03 FolderGuid:EED76D7B47CF3E1440F359A1FAC3309E
 |- ContainerInstances:
 |- [+] MainContainer:
 |   |-        ID: 00000000000000000000000000000000
 |   |-  ParentID: 00000000000000000000000000000000
 |   |-    Bounds: IsValid=false, Min=(X=0.000 Y=0.000 Z=0.000), Max=(X=0.000 Y=0.000 Z=0.000)
 |   |- Transform: 0.000000,0.000000,0.000000|0.000000,0.000000,-0.000000|1.000000,1.000000,1.000000
 |   |- Container: /Game/FirstPerson/Maps/FirstPersonMap
----------------------------------------------------------------------------------------------------------------
FirstPersonMap - Persistent Level
----------------------------------------------------------------------------------------------------------------
[+] Content of FirstPersonMap Persistent Level
 |- Always loaded Actor Count: 44 
 |- Actor Path: /Game/FirstPerson/Maps/UEDPIE_0_FirstPersonMap.FirstPersonMap:PersistentLevel.BP_CodeLock_C_UAID_3C7C3FBAF05B2D6902_1219579296
 |- Actor Package: /Game/FirstPerson/Maps/UEDPIE_0_FirstPersonMap_InstanceOf_/Game/__ExternalActors__/FirstPerson/Maps/FirstPersonMap/5/L2/ZUQ89JWIXZF60U2E0H6GIQ
 |- Actor Path: /Game/FirstPerson/Maps/UEDPIE_0_FirstPersonMap.FirstPersonMap:PersistentLevel.BP_CodeLock_C_UAID_3C7C3FBAF05B416902_1136595815
 |- Actor Package: /Game/FirstPerson/Maps/UEDPIE_0_FirstPersonMap_InstanceOf_/Game/__ExternalActors__/FirstPerson/Maps/FirstPersonMap/7/UT/B66RKXZGP89FSE4332RVQS
 |- Actor Path: /Game/FirstPerson/Maps/UEDPIE_0_FirstPersonMap.FirstPersonMap:PersistentLevel.BP_Door_C_UAID_3C7C3FBAF05B396902_1281153411
 |- Actor Package: /Game/FirstPerson/Maps/UEDPIE_0_FirstPersonMap_InstanceOf_/Game/__ExternalActors__/FirstPerson/Maps/FirstPersonMap/3/03/LDWWV1IK6NTMWTSOPMV97X
 |- Actor Path: /Game/FirstPerson/Maps/UEDPIE_0_FirstPersonMap.FirstPersonMap:PersistentLevel.BP_NoteCode_C_UAID_3C7C3FBAF05B4C6902_1268636751
 |- Actor Package: /Game/FirstPerson/Maps/UEDPIE_0_FirstPersonMap_InstanceOf_/Game/__ExternalActors__/FirstPerson/Maps/FirstPersonMap/D/EI/NW7UUJ9SZ7H6S7ZTKHJS7U
 |- Actor Path: /Game/FirstPerson/Maps/UEDPIE_0_FirstPersonMap.FirstPersonMap:PersistentLevel.DirectionalLight_0
 |- Actor Package: /Game/FirstPerson/Maps/UEDPIE_0_FirstPersonMap_InstanceOf_/Game/__ExternalActors__/FirstPerson/Maps/FirstPersonMap/A/KU/12YG9I1QW2GU72MG8QQX1K
 |- Actor Path: /Game/FirstPerson/Maps/UEDPIE_0_FirstPersonMap.FirstPersonMap:PersistentLevel.ExponentialHeightFog_0
 |- Actor Package: /Game/FirstPerson/Maps/UEDPIE_0_FirstPersonMap_InstanceOf_/Game/__ExternalActors__/FirstPerson/Maps/FirstPersonMap/0/CL/381LM03PFI8AF9NED1SEV2
 |- Actor Path: /Game/FirstPerson/Maps/UEDPIE_0_FirstPersonMap.FirstPersonMap:PersistentLevel.PlayerStart_0
 |- Actor Package: /Game/FirstPerson/Maps/UEDPIE_0_FirstPersonMap_InstanceOf_/Game/__ExternalActors__/FirstPerson/Maps/FirstPersonMap/8/Z7/W1SXRCM1KAKBJOIZDLHZ47
 |- Actor Path: /Game/FirstPerson/Maps/UEDPIE_0_FirstPersonMap.FirstPersonMap:PersistentLevel.PostProcessVolume_0
 |- Actor Package: /Game/FirstPerson/Maps/UEDPIE_0_FirstPersonMap_InstanceOf_/Game/__ExternalActors__/FirstPerson/Maps/FirstPersonMap/E/MX/R1GV431P5FDO08OFULRA01
 |- Actor Path: /Game/FirstPerson/Maps/UEDPIE_0_FirstPersonMap.FirstPersonMap:PersistentLevel.SkyAtmosphere_0
 |- Actor Package: /Game/FirstPerson/Maps/UEDPIE_0_FirstPersonMap_InstanceOf_/Game/__ExternalActors__/FirstPerson/Maps/FirstPersonMap/C/VO/VMN4G7K3NKKV6F8HTPHHDB
 |- Actor Path: /Game/FirstPerson/Maps/UEDPIE_0_FirstPersonMap.FirstPersonMap:PersistentLevel.SkyLight_0
 |- Actor Package: /Game/FirstPerson/Maps/UEDPIE_0_FirstPersonMap_InstanceOf_/Game/__ExternalActors__/FirstPerson/Maps/FirstPersonMap/6/0Z/5RQIHCZ9W3UXRGL4LTLQAK
 |- Actor Path: /Game/FirstPerson/Maps/UEDPIE_0_FirstPersonMap.FirstPersonMap:PersistentLevel.StaticMeshActor_0
 |- Actor Package: /Game/FirstPerson/Maps/UEDPIE_0_FirstPersonMap_InstanceOf_/Game/__ExternalActors__/FirstPerson/Maps/FirstPersonMap/7/L5/1ZJ54FMA0DAL3I2Q8RFAIB
 |- Actor Path: /Game/FirstPerson/Maps/UEDPIE_0_FirstPersonMap.FirstPersonMap:PersistentLevel.StaticMeshActor_13
 |- Actor Package: /Game/FirstPerson/Maps/UEDPIE_0_FirstPersonMap_InstanceOf_/Game/__ExternalActors__/FirstPerson/Maps/FirstPersonMap/0/0M/LYKU8MRWM4BO3O1FDZBG2U
 |- Actor Path: /Game/FirstPerson/Maps/UEDPIE_0_FirstPersonMap.FirstPersonMap:PersistentLevel.StaticMeshActor_17
 |- Actor Package: /Game/FirstPerson/Maps/UEDPIE_0_FirstPersonMap_InstanceOf_/Game/__ExternalActors__/FirstPerson/Maps/FirstPersonMap/6/HC/FI3CQDKJY4J00D2B21FYQZ
 |- Actor Path: /Game/FirstPerson/Maps/UEDPIE_0_FirstPersonMap.FirstPersonMap:PersistentLevel.StaticMeshActor_18
 |- Actor Package: /Game/FirstPerson/Maps/UEDPIE_0_FirstPersonMap_InstanceOf_/Game/__ExternalActors__/FirstPerson/Maps/FirstPersonMap/9/6K/53TOYTOLDEUBMS5SLUFP3V
 |- Actor Path: /Game/FirstPerson/Maps/UEDPIE_0_FirstPersonMap.FirstPersonMap:PersistentLevel.StaticMeshActor_19
 |- Actor Package: /Game/FirstPerson/Maps/UEDPIE_0_FirstPersonMap_InstanceOf_/Game/__ExternalActors__/FirstPerson/Maps/FirstPersonMap/9/JW/IY5R6I5N0YWU9LYWKXFXH9
 |- Actor Path: /Game/FirstPerson/Maps/UEDPIE_0_FirstPersonMap.FirstPersonMap:PersistentLevel.StaticMeshActor_2
 |- Actor Package: /Game/FirstPerson/Maps/UEDPIE_0_FirstPersonMap_InstanceOf_/Game/__ExternalActors__/FirstPerson/Maps/FirstPersonMap/7/I8/LH9T10MU22N3EEPTZ4GAFC
 |- Actor Path: /Game/FirstPerson/Maps/UEDPIE_0_FirstPersonMap.FirstPersonMap:PersistentLevel.StaticMeshActor_20
 |- Actor Package: /Game/FirstPerson/Maps/UEDPIE_0_FirstPersonMap_InstanceOf_/Game/__ExternalActors__/FirstPerson/Maps/FirstPersonMap/F/2F/0SPQG8P507LI9VUAFG20OA
 |- Actor Path: /Game/FirstPerson/Maps/UEDPIE_0_FirstPersonMap.FirstPersonMap:PersistentLevel.StaticMeshActor_21
 |- Actor Package: /Game/FirstPerson/Maps/UEDPIE_0_FirstPersonMap_InstanceOf_/Game/__ExternalActors__/FirstPerson/Maps/FirstPersonMap/7/5X/6EW8RE9VA2GGHRWK614FCI
 |- Actor Path: /Game/FirstPerson/Maps/UEDPIE_0_FirstPersonMap.FirstPersonMap:PersistentLevel.StaticMeshActor_22
 |- Actor Package: /Game/FirstPerson/Maps/UEDPIE_0_FirstPersonMap_InstanceOf_/Game/__ExternalActors__/FirstPerson/Maps/FirstPersonMap/7/DF/1GID8P6B00XRWKYCXU7HT1
 |- Actor Path: /Game/FirstPerson/Maps/UEDPIE_0_FirstPersonMap.FirstPersonMap:PersistentLevel.StaticMeshActor_23
 |- Actor Package: /Game/FirstPerson/Maps/UEDPIE_0_FirstPersonMap_InstanceOf_/Game/__ExternalActors__/FirstPerson/Maps/FirstPersonMap/1/JT/XIHYQ8ZTVL6F9GCUZX1AQ2
 |- Actor Path: /Game/FirstPerson/Maps/UEDPIE_0_FirstPersonMap.FirstPersonMap:PersistentLevel.StaticMeshActor_25
 |- Actor Package: /Game/FirstPerson/Maps/UEDPIE_0_FirstPersonMap_InstanceOf_/Game/__ExternalActors__/FirstPerson/Maps/FirstPersonMap/1/2J/R4MRTH8FEAO7ML1BCJFIZ2
 |- Actor Path: /Game/FirstPerson/Maps/UEDPIE_0_FirstPersonMap.FirstPersonMap:PersistentLevel.StaticMeshActor_26
 |- Actor Package: /Game/FirstPerson/Maps/UEDPIE_0_FirstPersonMap_InstanceOf_/Game/__ExternalActors__/FirstPerson/Maps/FirstPersonMap/0/7P/QZX5AESKLO855EVPT5JU20
 |- Actor Path: /Game/FirstPerson/Maps/UEDPIE_0_FirstPersonMap.FirstPersonMap:PersistentLevel.StaticMeshActor_27
 |- Actor Package: /Game/FirstPerson/Maps/UEDPIE_0_FirstPersonMap_InstanceOf_/Game/__ExternalActors__/FirstPerson/Maps/FirstPersonMap/B/DD/654T6CAPVSXAN1LXEX71EI
 |- Actor Path: /Game/FirstPerson/Maps/UEDPIE_0_FirstPersonMap.FirstPersonMap:PersistentLevel.StaticMeshActor_28
 |- Actor Package: /Game/FirstPerson/Maps/UEDPIE_0_FirstPersonMap_InstanceOf_/Game/__ExternalActors__/FirstPerson/Maps/FirstPersonMap/B/51/6JKB4DNGJP09QUHY23FHRV
 |- Actor Path: /Game/FirstPerson/Maps/UEDPIE_0_FirstPersonMap.FirstPersonMap:PersistentLevel.StaticMeshActor_29
 |- Actor Package: /Game/FirstPerson/Maps/UEDPIE_0_FirstPersonMap_InstanceOf_/Game/__ExternalActors__/FirstPerson/Maps/FirstPersonMap/C/P8/0GJ9TLQE2YKOIFZ6YHG33H
 |- Actor Path: /Game/FirstPerson/Maps/UEDPIE_0_FirstPersonMap.FirstPersonMap:PersistentLevel.StaticMeshActor_3
 |- Actor Package: /Game/FirstPerson/Maps/UEDPIE_0_FirstPersonMap_InstanceOf_/Game/__ExternalActors__/FirstPerson/Maps/FirstPersonMap/3/AI/0XWE3RNM2XQC0ST1KXG02O
 |- Actor Path: /Game/FirstPerson/Maps/UEDPIE_0_FirstPersonMap.FirstPersonMap:PersistentLevel.StaticMeshActor_38
 |- Actor Package: /Game/FirstPerson/Maps/UEDPIE_0_FirstPersonMap_InstanceOf_/Game/__ExternalActors__/FirstPerson/Maps/FirstPersonMap/B/YQ/KT6JL4FVCNJJ9VFOCSF32J
 |- Actor Path: /Game/FirstPerson/Maps/UEDPIE_0_FirstPersonMap.FirstPersonMap:PersistentLevel.StaticMeshActor_39
 |- Actor Package: /Game/FirstPerson/Maps/UEDPIE_0_FirstPersonMap_InstanceOf_/Game/__ExternalActors__/FirstPerson/Maps/FirstPersonMap/4/E5/6XON0XLIRNWJCBCE62P2VV
 |- Actor Path: /Game/FirstPerson/Maps/UEDPIE_0_FirstPersonMap.FirstPersonMap:PersistentLevel.StaticMeshActor_40
 |- Actor Package: /Game/FirstPerson/Maps/UEDPIE_0_FirstPersonMap_InstanceOf_/Game/__ExternalActors__/FirstPerson/Maps/FirstPersonMap/1/OD/YPSPM063O6XAJVKSDHY2JX
 |- Actor Path: /Game/FirstPerson/Maps/UEDPIE_0_FirstPersonMap.FirstPersonMap:PersistentLevel.StaticMeshActor_41
 |- Actor Package: /Game/FirstPerson/Maps/UEDPIE_0_FirstPersonMap_InstanceOf_/Game/__ExternalActors__/FirstPerson/Maps/FirstPersonMap/8/80/RCXALNT3NG94XMV0V6D4XE
 |- Actor Path: /Game/FirstPerson/Maps/UEDPIE_0_FirstPersonMap.FirstPersonMap:PersistentLevel.StaticMeshActor_42
 |- Actor Package: /Game/FirstPerson/Maps/UEDPIE_0_FirstPersonMap_InstanceOf_/Game/__ExternalActors__/FirstPerson/Maps/FirstPersonMap/4/G2/DXY1ROMU8NVTUPH999VNGV
 |- Actor Path: /Game/FirstPerson/Maps/UEDPIE_0_FirstPersonMap.FirstPersonMap:PersistentLevel.StaticMeshActor_43
 |- Actor Package: /Game/FirstPerson/Maps/UEDPIE_0_FirstPersonMap_InstanceOf_/Game/__ExternalActors__/FirstPerson/Maps/FirstPersonMap/7/GI/GZM47KS5FPIQH5TLSYC1ME
 |- Actor Path: /Game/FirstPerson/Maps/UEDPIE_0_FirstPersonMap.FirstPersonMap:PersistentLevel.StaticMeshActor_6
 |- Actor Package: /Game/FirstPerson/Maps/UEDPIE_0_FirstPersonMap_InstanceOf_/Game/__ExternalActors__/FirstPerson/Maps/FirstPersonMap/3/0O/4IRR0TBO7VGKMMYSZRQTB1
 |- Actor Path: /Game/FirstPerson/Maps/UEDPIE_0_FirstPersonMap.FirstPersonMap:PersistentLevel.StaticMeshActor_7
 |- Actor Package: /Game/FirstPerson/Maps/UEDPIE_0_FirstPersonMap_InstanceOf_/Game/__ExternalActors__/FirstPerson/Maps/FirstPersonMap/0/XV/VTAF5COFGLO9YT51MQCVTR
 |- Actor Path: /Game/FirstPerson/Maps/UEDPIE_0_FirstPersonMap.FirstPersonMap:PersistentLevel.StaticMeshActor_8
 |- Actor Package: /Game/FirstPerson/Maps/UEDPIE_0_FirstPersonMap_InstanceOf_/Game/__ExternalActors__/FirstPerson/Maps/FirstPersonMap/8/SZ/D1AHM62WL9TXSNPYQDXQMZ
 |- Actor Path: /Game/FirstPerson/Maps/UEDPIE_0_FirstPersonMap.FirstPersonMap:PersistentLevel.StaticMeshActor_9
 |- Actor Package: /Game/FirstPerson/Maps/UEDPIE_0_FirstPersonMap_InstanceOf_/Game/__ExternalActors__/FirstPerson/Maps/FirstPersonMap/E/UE/YUZ9741T50O1SYRX90OB0S
 |- Actor Path: /Game/FirstPerson/Maps/UEDPIE_0_FirstPersonMap.FirstPersonMap:PersistentLevel.StaticMeshActor_UAID_3C7C3FBAF05B416902_1192339816
 |- Actor Package: /Game/FirstPerson/Maps/UEDPIE_0_FirstPersonMap_InstanceOf_/Game/__ExternalActors__/FirstPerson/Maps/FirstPersonMap/D/9A/7TIP0Q7BTWC5UWYQFNAAKJ
 |- Actor Path: /Game/FirstPerson/Maps/UEDPIE_0_FirstPersonMap.FirstPersonMap:PersistentLevel.StaticMeshActor_UAID_3C7C3FBAF05B4C6902_1276849752
 |- Actor Package: /Game/FirstPerson/Maps/UEDPIE_0_FirstPersonMap_InstanceOf_/Game/__ExternalActors__/FirstPerson/Maps/FirstPersonMap/9/N6/4XZGH857OW466FZ8KIBWP8
 |- Actor Path: /Game/FirstPerson/Maps/UEDPIE_0_FirstPersonMap.FirstPersonMap:PersistentLevel.StaticMeshActor_UAID_3C7C3FBAF05B4C6902_1280435753
 |- Actor Package: /Game/FirstPerson/Maps/UEDPIE_0_FirstPersonMap_InstanceOf_/Game/__ExternalActors__/FirstPerson/Maps/FirstPersonMap/9/HW/B5CSUHTA7SKJUR60RH5J9L
 |- Actor Path: /Game/FirstPerson/Maps/UEDPIE_0_FirstPersonMap.FirstPersonMap:PersistentLevel.StaticMeshActor_UAID_A4AE111137DC5FFB00_1159438599
 |- Actor Package: /Game/FirstPerson/Maps/UEDPIE_0_FirstPersonMap_InstanceOf_/Game/__ExternalActors__/FirstPerson/Maps/FirstPersonMap/8/N6/7HWHBG6K5ONLNTKPMLXMYR
 |- Actor Path: /Game/FirstPerson/Maps/UEDPIE_0_FirstPersonMap.FirstPersonMap:PersistentLevel.TextRenderActor_0
 |- Actor Package: /Game/FirstPerson/Maps/UEDPIE_0_FirstPersonMap_InstanceOf_/Game/__ExternalActors__/FirstPerson/Maps/FirstPersonMap/5/W4/MXSOOLN47B2MJB5ZNQINHQ
 |- Actor Path: /Game/FirstPerson/Maps/UEDPIE_0_FirstPersonMap.FirstPersonMap:PersistentLevel.TextRenderActor_UAID_3C7C3FBAF05B426902_1473061991
 |- Actor Package: /Game/FirstPerson/Maps/UEDPIE_0_FirstPersonMap_InstanceOf_/Game/__ExternalActors__/FirstPerson/Maps/FirstPersonMap/E/FW/ICYJVWLKGW5F5RK4U2ZX36
 |- Actor Path: /Game/FirstPerson/Maps/UEDPIE_0_FirstPersonMap.FirstPersonMap:PersistentLevel.VolumetricCloud_0
 |- Actor Package: /Game/FirstPerson/Maps/UEDPIE_0_FirstPersonMap_InstanceOf_/Game/__ExternalActors__/FirstPerson/Maps/FirstPersonMap/0/GO/I8WEFD3RY9V3NVQLSU6QM4
 |- Actor Path: /Game/FirstPerson/Maps/UEDPIE_0_FirstPersonMap.FirstPersonMap:PersistentLevel.WorldDataLayers
 |- Actor Package: /Game/__ExternalActors__/FirstPerson/Maps/FirstPersonMap/D/0W/E1FKEGVKGOLM7HGLQPCIPO

----------------------------------------------------------------------------------------------------------------
FirstPersonMap - Runtime Hash Set
----------------------------------------------------------------------------------------------------------------

